Array
(
    [ProductID] => 6
    [Name] => Cashmere Pullover TESTING
    [Description] => This timeless crewneck is crafted from pure cashmere for an exceptionally soft finish. Contrasting tonal Monogram elements are incorporated into the knit of the ribbed cuffs, creating a discreet signature accent. With its smart gray tones, this fine-knit pullover is a wardrobe essential that can complete any look.
    [Price] => 8200.00
    [Stock] => 200
    [CategoryID] => 7
    [action] => edit
)
Array
(
    [ProductID] => 6
    [Name] => Cashmere Pullover TESTING
    [Description] => This timeless crewneck is crafted from pure cashmere for an exceptionally soft finish. Contrasting tonal Monogram elements are incorporated into the knit of the ribbed cuffs, creating a discreet signature accent. With its smart gray tones, this fine-knit pullover is a wardrobe essential that can complete any look.
    [Price] => 8200.00
    [Stock] => 200
    [CategoryID] => 7
    [action] => edit
)
Array
(
    [ProductID] => 6
    [Name] => Cashmere Pullover TESTING
    [Description] => This timeless crewneck is crafted from pure cashmere for an exceptionally soft finish. Contrasting tonal Monogram elements are incorporated into the knit of the ribbed cuffs, creating a discreet signature accent. With its smart gray tones, this fine-knit pullover is a wardrobe essential that can complete any look.
    [Price] => 8200.00
    [Stock] => 200
    [CategoryID] => 7
    [action] => edit
)
Array
(
    [ProductID] => 6
    [Name] => Cashmere Pullover TESTING
    [Description] => This timeless crewneck is crafted from pure cashmere for an exceptionally soft finish. Contrasting tonal Monogram elements are incorporated into the knit of the ribbed cuffs, creating a discreet signature accent. With its smart gray tones, this fine-knit pullover is a wardrobe essential that can complete any look.
    [Price] => 8200.00
    [Stock] => 200
    [CategoryID] => 7
    [action] => edit
)
Array
(
    [ProductID] => 6
    [Name] => Cashmere Pullover TESTING
    [Description] => This timeless crewneck is crafted from pure cashmere for an exceptionally soft finish. Contrasting tonal Monogram elements are incorporated into the knit of the ribbed cuffs, creating a discreet signature accent. With its smart gray tones, this fine-knit pullover is a wardrobe essential that can complete any look.
    [Price] => 8200.00
    [Stock] => 200
    [CategoryID] => 7
    [action] => edit
)
Array
(
    [ProductID] => 6
    [Name] => Cashmere Pullover TESTING
    [Description] => This timeless crewneck is crafted from pure cashmere for an exceptionally soft finish. Contrasting tonal Monogram elements are incorporated into the knit of the ribbed cuffs, creating a discreet signature accent. With its smart gray tones, this fine-knit pullover is a wardrobe essential that can complete any look.
    [Price] => 8200.00
    [Stock] => 200
    [CategoryID] => 7
    [action] => edit
)
Array
(
    [ProductID] => 6
    [Name] => Cashmere Pullover TESTING
    [Description] => This timeless crewneck is crafted from pure cashmere for an exceptionally soft finish. Contrasting tonal Monogram elements are incorporated into the knit of the ribbed cuffs, creating a discreet signature accent. With its smart gray tones, this fine-knit pullover is a wardrobe essential that can complete any look.
    [Price] => 8200.00
    [Stock] => 200
    [CategoryID] => 7
    [action] => edit
)
Array
(
    [ProductID] => 6
    [Name] => Cashmere Pullover TESTING
    [Description] => This timeless crewneck is crafted from pure cashmere for an exceptionally soft finish. Contrasting tonal Monogram elements are incorporated into the knit of the ribbed cuffs, creating a discreet signature accent. With its smart gray tones, this fine-knit pullover is a wardrobe essential that can complete any look.
    [Price] => 8200.00
    [Stock] => 200
    [CategoryID] => 7
    [action] => edit
)
Array
(
    [ProductID] => 6
    [Name] => Cashmere Pullover TESTING
    [Description] => This timeless crewneck is crafted from pure cashmere for an exceptionally soft finish. Contrasting tonal Monogram elements are incorporated into the knit of the ribbed cuffs, creating a discreet signature accent. With its smart gray tones, this fine-knit pullover is a wardrobe essential that can complete any look.
    [Price] => 8200.00
    [Stock] => 200
    [CategoryID] => 7
    [action] => edit
)
Array
(
    [ProductID] => 6
    [Name] => Cashmere Pullover TESTING
    [Description] => This timeless crewneck is crafted from pure cashmere for an exceptionally soft finish. Contrasting tonal Monogram elements are incorporated into the knit of the ribbed cuffs, creating a discreet signature accent. With its smart gray tones, this fine-knit pullover is a wardrobe essential that can complete any look.
    [Price] => 8200.00
    [Stock] => 200
    [CategoryID] => 7
    [action] => edit
)
Array
(
    [ProductID] => 6
    [Name] => Cashmere Pullover TESTING
    [Description] => This timeless crewneck is crafted from pure cashmere for an exceptionally soft finish. Contrasting tonal Monogram elements are incorporated into the knit of the ribbed cuffs, creating a discreet signature accent. With its smart gray tones, this fine-knit pullover is a wardrobe essential that can complete any look.
    [Price] => 8200.00
    [Stock] => 200
    [CategoryID] => 7
    [action] => edit
)
Array
(
    [ProductID] => 6
    [Name] => Cashmere Pullover TESTING
    [Description] => This timeless crewneck is crafted from pure cashmere for an exceptionally soft finish. Contrasting tonal Monogram elements are incorporated into the knit of the ribbed cuffs, creating a discreet signature accent. With its smart gray tones, this fine-knit pullover is a wardrobe essential that can complete any look.
    [Price] => 8200.00
    [Stock] => 200
    [CategoryID] => 7
    [action] => edit
)
Array
(
    [ProductID] => 6
    [Name] => Cashmere Pullover TESTING
    [Description] => This timeless crewneck is crafted from pure cashmere for an exceptionally soft finish. Contrasting tonal Monogram elements are incorporated into the knit of the ribbed cuffs, creating a discreet signature accent. With its smart gray tones, this fine-knit pullover is a wardrobe essential that can complete any look.
    [Price] => 8200.00
    [Stock] => 200
    [CategoryID] => 7
    [action] => edit
)
Array
(
    [ProductID] => 6
    [Name] => Cashmere Pullover TESTING
    [Description] => This timeless crewneck is crafted from pure cashmere for an exceptionally soft finish. Contrasting tonal Monogram elements are incorporated into the knit of the ribbed cuffs, creating a discreet signature accent. With its smart gray tones, this fine-knit pullover is a wardrobe essential that can complete any look.
    [Price] => 8200.00
    [Stock] => 200
    [CategoryID] => 7
    [action] => edit
)
Array
(
    [ProductID] => 6
    [Name] => Cashmere Pullover TESTING
    [Description] => This timeless crewneck is crafted from pure cashmere for an exceptionally soft finish. Contrasting tonal Monogram elements are incorporated into the knit of the ribbed cuffs, creating a discreet signature accent. With its smart gray tones, this fine-knit pullover is a wardrobe essential that can complete any look.
    [Price] => 8200.00
    [Stock] => 200
    [CategoryID] => 7
    [action] => edit
)
Array
(
    [ProductID] => 6
    [Name] => Cashmere Pullover TESTING
    [Description] => This timeless crewneck is crafted from pure cashmere for an exceptionally soft finish. Contrasting tonal Monogram elements are incorporated into the knit of the ribbed cuffs, creating a discreet signature accent. With its smart gray tones, this fine-knit pullover is a wardrobe essential that can complete any look.
    [Price] => 8200.00
    [Stock] => 200
    [CategoryID] => 7
    [action] => edit
)
Array
(
    [ProductID] => 6
    [Name] => Cashmere Pullover TESTING
    [Description] => This timeless crewneck is crafted from pure cashmere for an exceptionally soft finish. Contrasting tonal Monogram elements are incorporated into the knit of the ribbed cuffs, creating a discreet signature accent. With its smart gray tones, this fine-knit pullover is a wardrobe essential that can complete any look.
    [Price] => 8200.00
    [Stock] => 200
    [CategoryID] => 7
    [action] => edit
)
Array
(
    [ProductID] => 6
    [Name] => Cashmere Pullover TESTING
    [Description] => This timeless crewneck is crafted from pure cashmere for an exceptionally soft finish. Contrasting tonal Monogram elements are incorporated into the knit of the ribbed cuffs, creating a discreet signature accent. With its smart gray tones, this fine-knit pullover is a wardrobe essential that can complete any look.
    [Price] => 8200.00
    [Stock] => 200
    [CategoryID] => 7
    [action] => edit
)
Array
(
    [ProductID] => 6
    [Name] => Cashmere Pullover TESTING
    [Description] => This timeless crewneck is crafted from pure cashmere for an exceptionally soft finish. Contrasting tonal Monogram elements are incorporated into the knit of the ribbed cuffs, creating a discreet signature accent. With its smart gray tones, this fine-knit pullover is a wardrobe essential that can complete any look.
    [Price] => 8200.00
    [Stock] => 200
    [CategoryID] => 7
    [action] => edit
)
Array
(
    [ProductID] => 6
    [Name] => Cashmere Pullover TESTING
    [Description] => This timeless crewneck is crafted from pure cashmere for an exceptionally soft finish. Contrasting tonal Monogram elements are incorporated into the knit of the ribbed cuffs, creating a discreet signature accent. With its smart gray tones, this fine-knit pullover is a wardrobe essential that can complete any look.
    [Price] => 8200.00
    [Stock] => 200
    [CategoryID] => 7
    [action] => edit
)
Array
(
    [ProductID] => 6
    [Name] => Cashmere Pullover TESTING
    [Description] => This timeless crewneck is crafted from pure cashmere for an exceptionally soft finish. Contrasting tonal Monogram elements are incorporated into the knit of the ribbed cuffs, creating a discreet signature accent. With its smart gray tones, this fine-knit pullover is a wardrobe essential that can complete any look.
    [Price] => 8200.00
    [Stock] => 200
    [CategoryID] => 7
    [action] => edit
)
Array
(
    [ProductID] => 6
    [Name] => Cashmere Pullover TESTING
    [Description] => This timeless crewneck is crafted from pure cashmere for an exceptionally soft finish. Contrasting tonal Monogram elements are incorporated into the knit of the ribbed cuffs, creating a discreet signature accent. With its smart gray tones, this fine-knit pullover is a wardrobe essential that can complete any look.
    [Price] => 8200.00
    [Stock] => 200
    [CategoryID] => 7
    [action] => edit
)
Array
(
    [ProductID] => 6
    [Name] => Cashmere Pullover TESTING
    [Description] => This timeless crewneck is crafted from pure cashmere for an exceptionally soft finish. Contrasting tonal Monogram elements are incorporated into the knit of the ribbed cuffs, creating a discreet signature accent. With its smart gray tones, this fine-knit pullover is a wardrobe essential that can complete any look.
    [Price] => 8200.00
    [Stock] => 200
    [CategoryID] => 7
    [action] => edit
)
Array
(
    [ProductID] => 6
    [Name] => Cashmere Pullover TESTING
    [Description] => This timeless crewneck is crafted from pure cashmere for an exceptionally soft finish. Contrasting tonal Monogram elements are incorporated into the knit of the ribbed cuffs, creating a discreet signature accent. With its smart gray tones, this fine-knit pullover is a wardrobe essential that can complete any look.
    [Price] => 8200.00
    [Stock] => 200
    [CategoryID] => 7
    [action] => edit
)
Array
(
    [ProductID] => 6
    [Name] => Cashmere Pullover TESTING
    [Description] => This timeless crewneck is crafted from pure cashmere for an exceptionally soft finish. Contrasting tonal Monogram elements are incorporated into the knit of the ribbed cuffs, creating a discreet signature accent. With its smart gray tones, this fine-knit pullover is a wardrobe essential that can complete any look.
    [Price] => 8200.00
    [Stock] => 200
    [CategoryID] => 7
    [action] => edit
)
Array
(
    [ProductID] => 6
    [Name] => Cashmere Pullover TESTING
    [Description] => This timeless crewneck is crafted from pure cashmere for an exceptionally soft finish. Contrasting tonal Monogram elements are incorporated into the knit of the ribbed cuffs, creating a discreet signature accent. With its smart gray tones, this fine-knit pullover is a wardrobe essential that can complete any look.
    [Price] => 8200.00
    [Stock] => 200
    [CategoryID] => 7
    [action] => edit
)
Array
(
    [ProductID] => 6
    [Name] => Cashmere Pullover TESTING
    [Description] => This timeless crewneck is crafted from pure cashmere for an exceptionally soft finish. Contrasting tonal Monogram elements are incorporated into the knit of the ribbed cuffs, creating a discreet signature accent. With its smart gray tones, this fine-knit pullover is a wardrobe essential that can complete any look.
    [Price] => 8200.00
    [Stock] => 200
    [CategoryID] => 7
    [action] => edit
)
Array
(
    [ProductID] => 6
    [Name] => Cashmere Pullover TESTING
    [Description] => This timeless crewneck is crafted from pure cashmere for an exceptionally soft finish. Contrasting tonal Monogram elements are incorporated into the knit of the ribbed cuffs, creating a discreet signature accent. With its smart gray tones, this fine-knit pullover is a wardrobe essential that can complete any look.
    [Price] => 8200.00
    [Stock] => 200
    [CategoryID] => 7
    [action] => edit
)
Array
(
    [ProductID] => 6
    [Name] => Cashmere Pullover TESTING
    [Description] => This timeless crewneck is crafted from pure cashmere for an exceptionally soft finish. Contrasting tonal Monogram elements are incorporated into the knit of the ribbed cuffs, creating a discreet signature accent. With its smart gray tones, this fine-knit pullover is a wardrobe essential that can complete any look.
    [Price] => 8200.00
    [Stock] => 200
    [CategoryID] => 7
    [action] => edit
)
Array
(
    [ProductID] => 6
    [Name] => Cashmere Pullover TESTING
    [Description] => This timeless crewneck is crafted from pure cashmere for an exceptionally soft finish. Contrasting tonal Monogram elements are incorporated into the knit of the ribbed cuffs, creating a discreet signature accent. With its smart gray tones, this fine-knit pullover is a wardrobe essential that can complete any look.
    [Price] => 8200.00
    [Stock] => 200
    [CategoryID] => 7
    [action] => edit
)
Array
(
    [action] => add
    [Name] => WESG
    [Description] => WEF
    [Price] => 234
    [Stock] => 234
    [CategoryID] => 5
)
Array
(
    [action] => add
    [Name] => WESG
    [Description] => WEF
    [Price] => 234
    [Stock] => 234
    [CategoryID] => 5
)
Array
(
    [action] => add
    [Name] => WESG
    [Description] => WEF
    [Price] => 234
    [Stock] => 234
    [CategoryID] => 5
)
Array
(
    [action] => add
    [Name] => WESG
    [Description] => WEF
    [Price] => 234
    [Stock] => 234
    [CategoryID] => 5
)
Array
(
    [action] => add
    [Name] => WESG
    [Description] => WEF
    [Price] => 234
    [Stock] => 234
    [CategoryID] => 5
)
Array
(
    [action] => add
    [Name] => WESG
    [Description] => WEF
    [Price] => 234
    [Stock] => 234
    [CategoryID] => 5
)
Array
(
    [action] => add
    [Name] => WESG
    [Description] => WEF
    [Price] => 234
    [Stock] => 234
    [CategoryID] => 5
)
Array
(
    [action] => add
    [Name] => WESG
    [Description] => WEF
    [Price] => 234
    [Stock] => 234
    [CategoryID] => 5
)
Array
(
    [action] => add
    [Name] => WESG
    [Description] => WEF
    [Price] => 234
    [Stock] => 234
    [CategoryID] => 5
)
Array
(
    [action] => add
    [Name] => WESG
    [Description] => WEF
    [Price] => 234
    [Stock] => 234
    [CategoryID] => 5
)
Array
(
    [action] => add
    [Name] => WESG
    [Description] => WEF
    [Price] => 234
    [Stock] => 234
    [CategoryID] => 5
)
Array
(
    [action] => add
    [Name] => WESG
    [Description] => WEF
    [Price] => 234
    [Stock] => 234
    [CategoryID] => 5
)
Array
(
    [action] => add
    [Name] => WESG
    [Description] => WEF
    [Price] => 234
    [Stock] => 234
    [CategoryID] => 5
)
Array
(
    [action] => add
    [Name] => WESG
    [Description] => WEF
    [Price] => 234
    [Stock] => 234
    [CategoryID] => 5
)
Array
(
    [action] => add
    [Name] => WESG
    [Description] => WEF
    [Price] => 234
    [Stock] => 234
    [CategoryID] => 5
)
Array
(
    [action] => add
    [Name] => WESG
    [Description] => WEF
    [Price] => 234
    [Stock] => 234
    [CategoryID] => 5
)
Array
(
    [action] => add
    [Name] => WESG
    [Description] => WEF
    [Price] => 234
    [Stock] => 234
    [CategoryID] => 5
)
